Analysis & Synthesis report for ce281final
Sat Dec  5 15:35:55 2015
Quartus II 64-Bit Version 12.1 Build 243 01/31/2013 Service Pack 1 SJ Full Version


---------------------
; Table of Contents ;
---------------------
  1. Legal Notice
  2. Analysis & Synthesis Summary
  3. Analysis & Synthesis Settings
  4. Parallel Compilation
  5. Analysis & Synthesis Source Files Read
  6. Analysis & Synthesis Resource Usage Summary
  7. Analysis & Synthesis Resource Utilization by Entity
  8. General Register Statistics
  9. Inverted Register Statistics
 10. Elapsed Time Per Partition
 11. Analysis & Synthesis Messages



----------------
; Legal Notice ;
----------------
Copyright (C) 1991-2012 Altera Corporation
Your use of Altera Corporation's design tools, logic functions 
and other software and tools, and its AMPP partner logic 
functions, and any output files from any of the foregoing 
(including device programming or simulation files), and any 
associated documentation or information are expressly subject 
to the terms and conditions of the Altera Program License 
Subscription Agreement, Altera MegaCore Function License 
Agreement, or other applicable license agreement, including, 
without limitation, that your use is for the sole purpose of 
programming logic devices manufactured by Altera and sold by 
Altera or its authorized distributors.  Please refer to the 
applicable agreement for further details.



+-------------------------------------------------------------------------------------+
; Analysis & Synthesis Summary                                                        ;
+------------------------------------+------------------------------------------------+
; Analysis & Synthesis Status        ; Successful - Sat Dec  5 15:35:55 2015          ;
; Quartus II 64-Bit Version          ; 12.1 Build 243 01/31/2013 SP 1 SJ Full Version ;
; Revision Name                      ; ce281final                                     ;
; Top-level Entity Name              ; ce281final                                     ;
; Family                             ; Cyclone II                                     ;
; Total logic elements               ; 66                                             ;
;     Total combinational functions  ; 50                                             ;
;     Dedicated logic registers      ; 30                                             ;
; Total registers                    ; 30                                             ;
; Total pins                         ; 46                                             ;
; Total virtual pins                 ; 0                                              ;
; Total memory bits                  ; 0                                              ;
; Embedded Multiplier 9-bit elements ; 0                                              ;
; Total PLLs                         ; 0                                              ;
+------------------------------------+------------------------------------------------+


+----------------------------------------------------------------------------------------------------------------------+
; Analysis & Synthesis Settings                                                                                        ;
+----------------------------------------------------------------------------+--------------------+--------------------+
; Option                                                                     ; Setting            ; Default Value      ;
+----------------------------------------------------------------------------+--------------------+--------------------+
; Device                                                                     ; EP2C35F672C6       ;                    ;
; Top-level entity name                                                      ; ce281final         ; ce281final         ;
; Family name                                                                ; Cyclone II         ; Cyclone IV GX      ;
; Use smart compilation                                                      ; Off                ; Off                ;
; Enable parallel Assembler and TimeQuest Timing Analyzer during compilation ; On                 ; On                 ;
; Enable compact report table                                                ; Off                ; Off                ;
; Restructure Multiplexers                                                   ; Auto               ; Auto               ;
; Create Debugging Nodes for IP Cores                                        ; Off                ; Off                ;
; Preserve fewer node names                                                  ; On                 ; On                 ;
; Disable OpenCore Plus hardware evaluation                                  ; Off                ; Off                ;
; Verilog Version                                                            ; Verilog_2001       ; Verilog_2001       ;
; VHDL Version                                                               ; VHDL_1993          ; VHDL_1993          ;
; State Machine Processing                                                   ; Auto               ; Auto               ;
; Safe State Machine                                                         ; Off                ; Off                ;
; Extract Verilog State Machines                                             ; On                 ; On                 ;
; Extract VHDL State Machines                                                ; On                 ; On                 ;
; Ignore Verilog initial constructs                                          ; Off                ; Off                ;
; Iteration limit for constant Verilog loops                                 ; 5000               ; 5000               ;
; Iteration limit for non-constant Verilog loops                             ; 250                ; 250                ;
; Add Pass-Through Logic to Inferred RAMs                                    ; On                 ; On                 ;
; Infer RAMs from Raw Logic                                                  ; On                 ; On                 ;
; Parallel Synthesis                                                         ; On                 ; On                 ;
; DSP Block Balancing                                                        ; Auto               ; Auto               ;
; NOT Gate Push-Back                                                         ; On                 ; On                 ;
; Power-Up Don't Care                                                        ; On                 ; On                 ;
; Remove Redundant Logic Cells                                               ; Off                ; Off                ;
; Remove Duplicate Registers                                                 ; On                 ; On                 ;
; Ignore CARRY Buffers                                                       ; Off                ; Off                ;
; Ignore CASCADE Buffers                                                     ; Off                ; Off                ;
; Ignore GLOBAL Buffers                                                      ; Off                ; Off                ;
; Ignore ROW GLOBAL Buffers                                                  ; Off                ; Off                ;
; Ignore LCELL Buffers                                                       ; Off                ; Off                ;
; Ignore SOFT Buffers                                                        ; On                 ; On                 ;
; Limit AHDL Integers to 32 Bits                                             ; Off                ; Off                ;
; Optimization Technique                                                     ; Balanced           ; Balanced           ;
; Carry Chain Length                                                         ; 70                 ; 70                 ;
; Auto Carry Chains                                                          ; On                 ; On                 ;
; Auto Open-Drain Pins                                                       ; On                 ; On                 ;
; Perform WYSIWYG Primitive Resynthesis                                      ; Off                ; Off                ;
; Auto ROM Replacement                                                       ; On                 ; On                 ;
; Auto RAM Replacement                                                       ; On                 ; On                 ;
; Auto Shift Register Replacement                                            ; Auto               ; Auto               ;
; Allow Shift Register Merging across Hierarchies                            ; Auto               ; Auto               ;
; Auto Clock Enable Replacement                                              ; On                 ; On                 ;
; Strict RAM Replacement                                                     ; Off                ; Off                ;
; Allow Synchronous Control Signals                                          ; On                 ; On                 ;
; Force Use of Synchronous Clear Signals                                     ; Off                ; Off                ;
; Auto RAM to Logic Cell Conversion                                          ; Off                ; Off                ;
; Auto Resource Sharing                                                      ; Off                ; Off                ;
; Allow Any RAM Size For Recognition                                         ; Off                ; Off                ;
; Allow Any ROM Size For Recognition                                         ; Off                ; Off                ;
; Allow Any Shift Register Size For Recognition                              ; Off                ; Off                ;
; Use LogicLock Constraints during Resource Balancing                        ; On                 ; On                 ;
; Ignore translate_off and synthesis_off directives                          ; Off                ; Off                ;
; Timing-Driven Synthesis                                                    ; Off                ; Off                ;
; Report Parameter Settings                                                  ; On                 ; On                 ;
; Report Source Assignments                                                  ; On                 ; On                 ;
; Report Connectivity Checks                                                 ; On                 ; On                 ;
; Ignore Maximum Fan-Out Assignments                                         ; Off                ; Off                ;
; Synchronization Register Chain Length                                      ; 2                  ; 2                  ;
; PowerPlay Power Optimization                                               ; Normal compilation ; Normal compilation ;
; HDL message level                                                          ; Level2             ; Level2             ;
; Suppress Register Optimization Related Messages                            ; Off                ; Off                ;
; Number of Removed Registers Reported in Synthesis Report                   ; 5000               ; 5000               ;
; Number of Swept Nodes Reported in Synthesis Report                         ; 5000               ; 5000               ;
; Number of Inverted Registers Reported in Synthesis Report                  ; 100                ; 100                ;
; Clock MUX Protection                                                       ; On                 ; On                 ;
; Auto Gated Clock Conversion                                                ; Off                ; Off                ;
; Block Design Naming                                                        ; Auto               ; Auto               ;
; SDC constraint protection                                                  ; Off                ; Off                ;
; Synthesis Effort                                                           ; Auto               ; Auto               ;
; Shift Register Replacement - Allow Asynchronous Clear Signal               ; On                 ; On                 ;
; Pre-Mapping Resynthesis Optimization                                       ; Off                ; Off                ;
; Analysis & Synthesis Message Level                                         ; Medium             ; Medium             ;
; Disable Register Merging Across Hierarchies                                ; Auto               ; Auto               ;
; Resource Aware Inference For Block RAM                                     ; On                 ; On                 ;
; Synthesis Seed                                                             ; 1                  ; 1                  ;
+----------------------------------------------------------------------------+--------------------+--------------------+


+------------------------------------------+
; Parallel Compilation                     ;
+----------------------------+-------------+
; Processors                 ; Number      ;
+----------------------------+-------------+
; Number detected on machine ; 8           ;
; Maximum allowed            ; 4           ;
;                            ;             ;
; Average used               ; 1.00        ;
; Maximum used               ; 1           ;
;                            ;             ;
; Usage by Processor         ; % Time Used ;
;     1 processor            ; 100.0%      ;
;     2-8 processors         ;   0.0%      ;
+----------------------------+-------------+


+-------------------------------------------------------------------------------------------------------------------------------------------------------------------+
; Analysis & Synthesis Source Files Read                                                                                                                            ;
+----------------------------------+-----------------+------------------------------------------+---------------------------------------------------------+---------+
; File Name with User-Entered Path ; Used in Netlist ; File Type                                ; File Name with Absolute Path                            ; Library ;
+----------------------------------+-----------------+------------------------------------------+---------------------------------------------------------+---------+
; ce281final.bdf                   ; yes             ; User Block Diagram/Schematic File        ; /home/imm/CPRE281/ce281final/ce281final.bdf             ;         ;
; 8bit_shift_register.bdf          ; yes             ; User Block Diagram/Schematic File        ; /home/imm/CPRE281/ce281final/8bit_shift_register.bdf    ;         ;
; 4bit_parallel_register.bdf       ; yes             ; User Block Diagram/Schematic File        ; /home/imm/CPRE281/ce281final/4bit_parallel_register.bdf ;         ;
; 4bit_4reg_file.bdf               ; yes             ; User Block Diagram/Schematic File        ; /home/imm/CPRE281/ce281final/4bit_4reg_file.bdf         ;         ;
; set_value.v                      ; yes             ; User Verilog HDL File                    ; /home/imm/CPRE281/ce281final/set_value.v                ;         ;
; write_selector.v                 ; yes             ; User Verilog HDL File                    ; /home/imm/CPRE281/ce281final/write_selector.v           ;         ;
; mux2.v                           ; yes             ; User Verilog HDL File                    ; /home/imm/CPRE281/ce281final/mux2.v                     ;         ;
; next_state.v                     ; yes             ; User Verilog HDL File                    ; /home/imm/CPRE281/ce281final/next_state.v               ;         ;
; state_machine.bdf                ; yes             ; User Block Diagram/Schematic File        ; /home/imm/CPRE281/ce281final/state_machine.bdf          ;         ;
; 4x_seven_seg_display.bdf         ; yes             ; User Block Diagram/Schematic File        ; /home/imm/CPRE281/ce281final/4x_seven_seg_display.bdf   ;         ;
; seven_seg_decoder.v              ; yes             ; Auto-Found Verilog HDL File              ; /home/imm/CPRE281/ce281final/seven_seg_decoder.v        ;         ;
; 2bit_counter.bdf                 ; yes             ; Auto-Found Block Diagram/Schematic File  ; /home/imm/CPRE281/ce281final/2bit_counter.bdf           ;         ;
+----------------------------------+-----------------+------------------------------------------+---------------------------------------------------------+---------+


+-----------------------------------------------------+
; Analysis & Synthesis Resource Usage Summary         ;
+---------------------------------------------+-------+
; Resource                                    ; Usage ;
+---------------------------------------------+-------+
; Estimated Total logic elements              ; 66    ;
;                                             ;       ;
; Total combinational functions               ; 50    ;
; Logic element usage by number of LUT inputs ;       ;
;     -- 4 input functions                    ; 32    ;
;     -- 3 input functions                    ; 8     ;
;     -- <=2 input functions                  ; 10    ;
;                                             ;       ;
; Logic elements by mode                      ;       ;
;     -- normal mode                          ; 50    ;
;     -- arithmetic mode                      ; 0     ;
;                                             ;       ;
; Total registers                             ; 30    ;
;     -- Dedicated logic registers            ; 30    ;
;     -- I/O registers                        ; 0     ;
;                                             ;       ;
; I/O pins                                    ; 46    ;
; Embedded Multiplier 9-bit elements          ; 0     ;
; Maximum fan-out                             ; 20    ;
; Total fan-out                               ; 285   ;
; Average fan-out                             ; 2.26  ;
+---------------------------------------------+-------+


+------------------------------------------------------------------------------------------------------------------------------------------------------------------------------------------------------------------------------------+
; Analysis & Synthesis Resource Utilization by Entity                                                                                                                                                                                ;
+---------------------------------------+-------------------+--------------+-------------+--------------+---------+-----------+------+--------------+-----------------------------------------------------------------+--------------+
; Compilation Hierarchy Node            ; LC Combinationals ; LC Registers ; Memory Bits ; DSP Elements ; DSP 9x9 ; DSP 18x18 ; Pins ; Virtual Pins ; Full Hierarchy Name                                             ; Library Name ;
+---------------------------------------+-------------------+--------------+-------------+--------------+---------+-----------+------+--------------+-----------------------------------------------------------------+--------------+
; |ce281final                           ; 50 (1)            ; 30 (0)       ; 0           ; 0            ; 0       ; 0         ; 46   ; 0            ; |ce281final                                                     ;              ;
;    |2bit_counter:inst26|              ; 2 (2)             ; 2 (2)        ; 0           ; 0            ; 0       ; 0         ; 0    ; 0            ; |ce281final|2bit_counter:inst26                                 ;              ;
;    |4bit_4reg_file:inst9|             ; 4 (0)             ; 16 (0)       ; 0           ; 0            ; 0       ; 0         ; 0    ; 0            ; |ce281final|4bit_4reg_file:inst9                                ;              ;
;       |4bit_parallel_register:R0|     ; 0 (0)             ; 4 (4)        ; 0           ; 0            ; 0       ; 0         ; 0    ; 0            ; |ce281final|4bit_4reg_file:inst9|4bit_parallel_register:R0      ;              ;
;       |4bit_parallel_register:R1|     ; 0 (0)             ; 4 (4)        ; 0           ; 0            ; 0       ; 0         ; 0    ; 0            ; |ce281final|4bit_4reg_file:inst9|4bit_parallel_register:R1      ;              ;
;       |4bit_parallel_register:R2|     ; 0 (0)             ; 4 (4)        ; 0           ; 0            ; 0       ; 0         ; 0    ; 0            ; |ce281final|4bit_4reg_file:inst9|4bit_parallel_register:R2      ;              ;
;       |4bit_parallel_register:R3|     ; 0 (0)             ; 4 (4)        ; 0           ; 0            ; 0       ; 0         ; 0    ; 0            ; |ce281final|4bit_4reg_file:inst9|4bit_parallel_register:R3      ;              ;
;       |write_selector:write_selector| ; 4 (4)             ; 0 (0)        ; 0           ; 0            ; 0       ; 0         ; 0    ; 0            ; |ce281final|4bit_4reg_file:inst9|write_selector:write_selector  ;              ;
;    |4x_seven_seg_display:inst1|       ; 28 (0)            ; 0 (0)        ; 0           ; 0            ; 0       ; 0         ; 0    ; 0            ; |ce281final|4x_seven_seg_display:inst1                          ;              ;
;       |seven_seg_decoder:inst16|      ; 7 (7)             ; 0 (0)        ; 0           ; 0            ; 0       ; 0         ; 0    ; 0            ; |ce281final|4x_seven_seg_display:inst1|seven_seg_decoder:inst16 ;              ;
;       |seven_seg_decoder:inst8|       ; 7 (7)             ; 0 (0)        ; 0           ; 0            ; 0       ; 0         ; 0    ; 0            ; |ce281final|4x_seven_seg_display:inst1|seven_seg_decoder:inst8  ;              ;
;       |seven_seg_decoder:inst9|       ; 7 (7)             ; 0 (0)        ; 0           ; 0            ; 0       ; 0         ; 0    ; 0            ; |ce281final|4x_seven_seg_display:inst1|seven_seg_decoder:inst9  ;              ;
;       |seven_seg_decoder:inst|        ; 7 (7)             ; 0 (0)        ; 0           ; 0            ; 0       ; 0         ; 0    ; 0            ; |ce281final|4x_seven_seg_display:inst1|seven_seg_decoder:inst   ;              ;
;    |8bit_shift_register:inst|         ; 8 (0)             ; 8 (8)        ; 0           ; 0            ; 0       ; 0         ; 0    ; 0            ; |ce281final|8bit_shift_register:inst                            ;              ;
;       |mux2:set0|                     ; 1 (1)             ; 0 (0)        ; 0           ; 0            ; 0       ; 0         ; 0    ; 0            ; |ce281final|8bit_shift_register:inst|mux2:set0                  ;              ;
;       |mux2:set1|                     ; 1 (1)             ; 0 (0)        ; 0           ; 0            ; 0       ; 0         ; 0    ; 0            ; |ce281final|8bit_shift_register:inst|mux2:set1                  ;              ;
;       |mux2:set2|                     ; 1 (1)             ; 0 (0)        ; 0           ; 0            ; 0       ; 0         ; 0    ; 0            ; |ce281final|8bit_shift_register:inst|mux2:set2                  ;              ;
;       |mux2:set3|                     ; 1 (1)             ; 0 (0)        ; 0           ; 0            ; 0       ; 0         ; 0    ; 0            ; |ce281final|8bit_shift_register:inst|mux2:set3                  ;              ;
;       |mux2:set4|                     ; 1 (1)             ; 0 (0)        ; 0           ; 0            ; 0       ; 0         ; 0    ; 0            ; |ce281final|8bit_shift_register:inst|mux2:set4                  ;              ;
;       |mux2:set5|                     ; 1 (1)             ; 0 (0)        ; 0           ; 0            ; 0       ; 0         ; 0    ; 0            ; |ce281final|8bit_shift_register:inst|mux2:set5                  ;              ;
;       |mux2:set6|                     ; 1 (1)             ; 0 (0)        ; 0           ; 0            ; 0       ; 0         ; 0    ; 0            ; |ce281final|8bit_shift_register:inst|mux2:set6                  ;              ;
;       |mux2:set7|                     ; 1 (1)             ; 0 (0)        ; 0           ; 0            ; 0       ; 0         ; 0    ; 0            ; |ce281final|8bit_shift_register:inst|mux2:set7                  ;              ;
;    |state_machine:state_machine|      ; 7 (1)             ; 4 (4)        ; 0           ; 0            ; 0       ; 0         ; 0    ; 0            ; |ce281final|state_machine:state_machine                         ;              ;
;       |next_state:inst|               ; 6 (6)             ; 0 (0)        ; 0           ; 0            ; 0       ; 0         ; 0    ; 0            ; |ce281final|state_machine:state_machine|next_state:inst         ;              ;
+---------------------------------------+-------------------+--------------+-------------+--------------+---------+-----------+------+--------------+-----------------------------------------------------------------+--------------+
Note: For table entries with two numbers listed, the numbers in parentheses indicate the number of resources of the given type used by the specific entity alone. The numbers listed outside of parentheses indicate the total resources of the given type used by the specific entity and all of its sub-entities in the hierarchy.


+------------------------------------------------------+
; General Register Statistics                          ;
+----------------------------------------------+-------+
; Statistic                                    ; Value ;
+----------------------------------------------+-------+
; Total registers                              ; 30    ;
; Number of registers using Synchronous Clear  ; 0     ;
; Number of registers using Synchronous Load   ; 0     ;
; Number of registers using Asynchronous Clear ; 2     ;
; Number of registers using Asynchronous Load  ; 0     ;
; Number of registers using Clock Enable       ; 16    ;
; Number of registers using Preset             ; 0     ;
+----------------------------------------------+-------+


+--------------------------------------------------+
; Inverted Register Statistics                     ;
+----------------------------------------+---------+
; Inverted Register                      ; Fan out ;
+----------------------------------------+---------+
; 2bit_counter:inst26|inst               ; 6       ;
; 2bit_counter:inst26|inst1              ; 5       ;
; Total number of inverted registers = 2 ;         ;
+----------------------------------------+---------+


+-------------------------------+
; Elapsed Time Per Partition    ;
+----------------+--------------+
; Partition Name ; Elapsed Time ;
+----------------+--------------+
; Top            ; 00:00:00     ;
+----------------+--------------+


+-------------------------------+
; Analysis & Synthesis Messages ;
+-------------------------------+
Info: *******************************************************************
Info: Running Quartus II 64-Bit Analysis & Synthesis
    Info: Version 12.1 Build 243 01/31/2013 Service Pack 1 SJ Full Version
    Info: Processing started: Sat Dec  5 15:35:53 2015
Info: Command: quartus_map --read_settings_files=on --write_settings_files=off ce281final -c ce281final
Info (11104): Parallel Compilation has detected 8 hyper-threaded processors. However, the extra hyper-threaded processors will not be used by default. Parallel Compilation will use 4 of the 4 physical processors detected instead.
Info (12021): Found 1 design units, including 1 entities, in source file ce281final.bdf
    Info (12023): Found entity 1: ce281final
Warning (12019): Can't analyze file -- file 4bit_register.bdf is missing
Warning (12019): Can't analyze file -- file 4bit_4register_file.bdf is missing
Warning (12019): Can't analyze file -- file 8shift_register.bdf is missing
Info (12021): Found 1 design units, including 1 entities, in source file 8bit_shift_register.bdf
    Info (12023): Found entity 1: 8bit_shift_register
Info (12021): Found 1 design units, including 1 entities, in source file 4bit_parallel_register.bdf
    Info (12023): Found entity 1: 4bit_parallel_register
Info (12021): Found 1 design units, including 1 entities, in source file 4bit_4reg_file.bdf
    Info (12023): Found entity 1: 4bit_4reg_file
Info (12021): Found 1 design units, including 1 entities, in source file set_value.v
    Info (12023): Found entity 1: set_value
Info (12021): Found 1 design units, including 1 entities, in source file write_selector.v
    Info (12023): Found entity 1: write_selector
Info (12021): Found 1 design units, including 1 entities, in source file mux2.v
    Info (12023): Found entity 1: mux2
Info (12021): Found 1 design units, including 1 entities, in source file next_state.v
    Info (12023): Found entity 1: next_state
Info (12021): Found 1 design units, including 1 entities, in source file state_machine.bdf
    Info (12023): Found entity 1: state_machine
Warning (12019): Can't analyze file -- file 3bit_counter.bdf is missing
Info (12021): Found 1 design units, including 1 entities, in source file 4x_seven_seg_display.bdf
    Info (12023): Found entity 1: 4x_seven_seg_display
Info (12127): Elaborating entity "ce281final" for the top level hierarchy
Info (12128): Elaborating entity "4x_seven_seg_display" for hierarchy "4x_seven_seg_display:inst1"
Warning (12125): Using design file seven_seg_decoder.v, which is not specified as a design file for the current project, but contains definitions for 1 design units and 1 entities in project
    Info (12023): Found entity 1: seven_seg_decoder
Info (12128): Elaborating entity "seven_seg_decoder" for hierarchy "4x_seven_seg_display:inst1|seven_seg_decoder:inst"
Info (12128): Elaborating entity "4bit_4reg_file" for hierarchy "4bit_4reg_file:inst9"
Info (12128): Elaborating entity "4bit_parallel_register" for hierarchy "4bit_4reg_file:inst9|4bit_parallel_register:R0"
Info (12128): Elaborating entity "set_value" for hierarchy "4bit_4reg_file:inst9|4bit_parallel_register:R0|set_value:inst5"
Info (12128): Elaborating entity "write_selector" for hierarchy "4bit_4reg_file:inst9|write_selector:write_selector"
Warning (12125): Using design file 2bit_counter.bdf, which is not specified as a design file for the current project, but contains definitions for 1 design units and 1 entities in project
    Info (12023): Found entity 1: 2bit_counter
Info (12128): Elaborating entity "2bit_counter" for hierarchy "2bit_counter:inst26"
Info (12128): Elaborating entity "state_machine" for hierarchy "state_machine:state_machine"
Info (12128): Elaborating entity "next_state" for hierarchy "state_machine:state_machine|next_state:inst"
Info (12128): Elaborating entity "8bit_shift_register" for hierarchy "8bit_shift_register:inst"
Info (12128): Elaborating entity "mux2" for hierarchy "8bit_shift_register:inst|mux2:set7"
Info (13000): Registers with preset signals will power-up high
Info (13003): DEV_CLRn pin will set, and not reset, register with preset signal due to NOT Gate Push-Back
Info (16010): Generating hard_block partition "hard_block:auto_generated_inst"
    Info (16011): Adding 0 node(s), including 0 DDIO, 0 PLL, 0 transceiver and 0 LCELL
Info (21057): Implemented 112 device resources after synthesis - the final resource count might be different
    Info (21058): Implemented 10 input pins
    Info (21059): Implemented 36 output pins
    Info (21061): Implemented 66 logic cells
Info: Quartus II 64-Bit Analysis & Synthesis was successful. 0 errors, 6 warnings
    Info: Peak virtual memory: 627 megabytes
    Info: Processing ended: Sat Dec  5 15:35:55 2015
    Info: Elapsed time: 00:00:02
    Info: Total CPU time (on all processors): 00:00:01


